<?xml version="1.0" encoding="UTF-8"?>
<testng-results skipped="0" failed="0" ignored="0" total="1" passed="1">
  <reporter-output>
  </reporter-output>
  <suite name="Suite" duration-ms="161" started-at="2018-09-06T00:47:01Z" finished-at="2018-09-06T00:47:01Z">
    <groups>
    </groups>
    <test name="Test" duration-ms="161" started-at="2018-09-06T00:47:01Z" finished-at="2018-09-06T00:47:01Z">
      <class name="testPackage.DemoTesttt">
        <test-method status="PASS" signature="m1()[pri:0, instance:testPackage.DemoTesttt@4678c730]" name="m1" duration-ms="53" started-at="2018-09-06T00:47:01Z" finished-at="2018-09-06T00:47:01Z">
          <reporter-output>
          </reporter-output>
        </test-method> <!-- m1 -->
      </class> <!-- testPackage.DemoTesttt -->
    </test> <!-- Test -->
  </suite> <!-- Suite -->
</testng-results>
